<?xml version="1.0" encoding="UTF-8"?>
<!-- Generated by org.testng.reporters.JUnitReportReporter -->
<testsuite hostname="DESKTOP-AFMPLMB" failures="0" tests="1" name="appium.demo.appium" time="58.355" errors="0" timestamp="2020-12-12T01:50:56 EET" skipped="0">
  <testcase classname="appium.demo.appium" name="openApplication" time="58.355"/>
  <system-out/>
</testsuite> <!-- appium.demo.appium -->
