<?xml version="1.0" encoding="UTF-8"?>
<!-- Generated by org.testng.reporters.JUnitReportReporter -->
<testsuite hostname="DESKTOP-AFMPLMB" failures="0" tests="1" name="appium.demo.CloseSecondWorkthroughPage" time="20.847" errors="0" timestamp="2021-01-29T21:35:57 EET" skipped="0">
  <testcase classname="appium.demo.CloseSecondWorkthroughPage" name="openApplication" time="20.847"/>
  <system-out/>
</testsuite> <!-- appium.demo.CloseSecondWorkthroughPage -->
