<?xml version="1.0" encoding="UTF-8"?>
<!-- Generated by org.testng.reporters.JUnitReportReporter -->
<testsuite hostname="DESKTOP-AFMPLMB" failures="0" tests="1" name="appium.demo.CloseThirdWorkthroughPage" time="23.756" errors="0" timestamp="2020-12-12T20:35:55 EET" skipped="0">
  <testcase classname="appium.demo.CloseThirdWorkthroughPage" name="openApplication" time="23.756"/>
  <system-out/>
</testsuite> <!-- appium.demo.CloseThirdWorkthroughPage -->
