<?xml version="1.0" encoding="UTF-8"?>
<!-- Generated by org.testng.reporters.JUnitReportReporter -->
<testsuite hostname="DESKTOP-C3H4VQE" failures="0" tests="1" name="appium.demo.CloseThirdWorkthroughPage" time="22.885" errors="0" timestamp="2023-07-12T04:29:44 EET" skipped="0">
  <testcase classname="appium.demo.CloseThirdWorkthroughPage" name="openApplication" time="22.885"/>
  <system-out/>
</testsuite> <!-- appium.demo.CloseThirdWorkthroughPage -->
