<?xml version="1.0" encoding="UTF-8"?>
<!-- Generated by org.testng.reporters.JUnitReportReporter -->
<testsuite hostname="DESKTOP-C3H4VQE" failures="0" tests="1" name="appium.demo.CloseFirstWorkthroughPage" time="28.736" errors="0" timestamp="2023-07-12T04:26:41 EET" skipped="0">
  <testcase classname="appium.demo.CloseFirstWorkthroughPage" name="beforeClass" time="28.736"/>
  <system-out/>
</testsuite> <!-- appium.demo.CloseFirstWorkthroughPage -->
